<?xml version="1.0" encoding="UTF-8"?>
<!-- Generated by org.testng.reporters.JUnitXMLReporter -->
<testsuite hostname="DESKTOP-4VO62H1" ignored="2" name="Default test" tests="1" failures="0" timestamp="2022-03-03T17:18:30 IST" time="89.698" errors="0">
  <testcase name="addNewHotelDetails" time="63.49" classname="runnerFiles.Hotels"/>
  <testcase name="asd" time="0.0" classname="runnerFiles.BeforeRun">
    <ignored/>
  </testcase> <!-- asd -->
  <testcase name="validateHotelsModalWindow" time="0.0" classname="runnerFiles.Hotels">
    <ignored/>
  </testcase> <!-- validateHotelsModalWindow -->
</testsuite> <!-- Default test -->
