<?xml version="1.0" encoding="UTF-8"?>
<testng-results skipped="0" failed="0" ignored="1" total="2" passed="1">
  <reporter-output>
  </reporter-output>
  <suite name="Default suite" duration-ms="86346" started-at="2022-04-04T15:23:59 IST" finished-at="2022-04-04T15:25:25 IST">
    <groups>
    </groups>
    <test name="Default test" duration-ms="86346" started-at="2022-04-04T15:23:59 IST" finished-at="2022-04-04T15:25:25 IST">
      <class name="runnerFiles.MasterSection">
        <test-method status="PASS" signature="readingVariablesfromFile()[pri:0, instance:runnerFiles.MasterSection@86be70a]" name="readingVariablesfromFile" is-config="true" duration-ms="122" started-at="2022-04-04T15:23:59 IST" finished-at="2022-04-04T15:23:59 IST">
          <reporter-output>
          </reporter-output>
        </test-method> <!-- readingVariablesfromFile -->
        <test-method status="PASS" signature="logintoApplication()[pri:0, instance:runnerFiles.MasterSection@86be70a]" name="logintoApplication" is-config="true" duration-ms="8121" started-at="2022-04-04T15:23:59 IST" finished-at="2022-04-04T15:24:07 IST">
          <reporter-output>
          </reporter-output>
        </test-method> <!-- logintoApplication -->
        <test-method status="PASS" signature="loginToMasterSection()[pri:0, instance:runnerFiles.MasterSection@86be70a]" name="loginToMasterSection" is-config="true" duration-ms="17877" started-at="2022-04-04T15:24:07 IST" depends-on-methods="runnerFiles.BeforeRun.logintoApplication" finished-at="2022-04-04T15:24:25 IST">
          <reporter-output>
          </reporter-output>
        </test-method> <!-- loginToMasterSection -->
        <test-method status="PASS" signature="countries()[pri:0, instance:runnerFiles.MasterSection@86be70a]" name="countries" duration-ms="60116" started-at="2022-04-04T15:24:25 IST" finished-at="2022-04-04T15:25:25 IST">
          <reporter-output>
          </reporter-output>
        </test-method> <!-- countries -->
        <test-method status="PASS" signature="closeTest()[pri:0, instance:runnerFiles.MasterSection@86be70a]" name="closeTest" is-config="true" duration-ms="72" started-at="2022-04-04T15:25:25 IST" finished-at="2022-04-04T15:25:25 IST">
          <reporter-output>
          </reporter-output>
        </test-method> <!-- closeTest -->
        <test-method status="PASS" signature="teardownReport()[pri:0, instance:runnerFiles.MasterSection@86be70a]" name="teardownReport" is-config="true" duration-ms="109" started-at="2022-04-04T15:25:25 IST" finished-at="2022-04-04T15:25:25 IST">
          <reporter-output>
          </reporter-output>
        </test-method> <!-- teardownReport -->
      </class> <!-- runnerFiles.MasterSection -->
    </test> <!-- Default test -->
  </suite> <!-- Default suite -->
</testng-results>
