<?xml version="1.0" encoding="UTF-8"?>
<testng-results skipped="0" failed="0" ignored="1" total="2" passed="1">
  <reporter-output>
  </reporter-output>
  <suite name="Default suite" duration-ms="31162" started-at="2022-03-03T12:21:22 IST" finished-at="2022-03-03T12:21:54 IST">
    <groups>
    </groups>
    <test name="Default test" duration-ms="31162" started-at="2022-03-03T12:21:22 IST" finished-at="2022-03-03T12:21:54 IST">
      <class name="runnerFiles.Hotels">
        <test-method status="PASS" signature="readingVariablesfromFile()[pri:0, instance:runnerFiles.Hotels@69a3d1d]" name="readingVariablesfromFile" is-config="true" duration-ms="110" started-at="2022-03-03T12:21:22 IST" finished-at="2022-03-03T12:21:22 IST">
          <reporter-output>
          </reporter-output>
        </test-method> <!-- readingVariablesfromFile -->
        <test-method status="PASS" signature="logintoApplication()[pri:0, instance:runnerFiles.Hotels@69a3d1d]" name="logintoApplication" is-config="true" duration-ms="11036" started-at="2022-03-03T12:21:22 IST" finished-at="2022-03-03T12:21:33 IST">
          <reporter-output>
          </reporter-output>
        </test-method> <!-- logintoApplication -->
        <test-method status="PASS" signature="navigateToHotels()[pri:0, instance:runnerFiles.Hotels@69a3d1d]" name="navigateToHotels" is-config="true" duration-ms="19742" started-at="2022-03-03T12:21:33 IST" depends-on-methods="runnerFiles.BeforeRun.logintoApplication" finished-at="2022-03-03T12:21:53 IST">
          <reporter-output>
          </reporter-output>
        </test-method> <!-- navigateToHotels -->
        <test-method status="PASS" signature="closeTest()[pri:0, instance:runnerFiles.Hotels@69a3d1d]" name="closeTest" is-config="true" duration-ms="31" started-at="2022-03-03T12:21:53 IST" finished-at="2022-03-03T12:21:53 IST">
          <reporter-output>
          </reporter-output>
        </test-method> <!-- closeTest -->
        <test-method status="PASS" signature="validateHotelsModalWindow()[pri:0, instance:runnerFiles.Hotels@69a3d1d]" name="validateHotelsModalWindow" duration-ms="0" started-at="2022-03-03T12:21:53 IST" finished-at="2022-03-03T12:21:53 IST">
          <reporter-output>
          </reporter-output>
        </test-method> <!-- validateHotelsModalWindow -->
        <test-method status="PASS" signature="teardownReport()[pri:0, instance:runnerFiles.Hotels@69a3d1d]" name="teardownReport" is-config="true" duration-ms="93" started-at="2022-03-03T12:21:53 IST" finished-at="2022-03-03T12:21:54 IST">
          <reporter-output>
          </reporter-output>
        </test-method> <!-- teardownReport -->
      </class> <!-- runnerFiles.Hotels -->
    </test> <!-- Default test -->
  </suite> <!-- Default suite -->
</testng-results>
